<?xml version="1.0" encoding="UTF-8"?>
<!-- Generated by org.testng.reporters.JUnitReportReporter -->
<testsuite hostname="HR-47" failures="0" tests="6" name="Day12.paramTest" time="0.228" errors="0" timestamp="2024-04-03T12:22:57 IST" skipped="0">
  <testcase classname="Day12.paramTest" name="testHomePageTitle" time="0.036"/>
  <testcase classname="Day12.paramTest" name="testHomePageTitle" time="0.010"/>
  <testcase classname="Day12.paramTest" name="testHomePageTitle" time="0.006"/>
  <testcase classname="Day12.paramTest" name="testLogo" time="0.030"/>
  <testcase classname="Day12.paramTest" name="testLogo" time="0.084"/>
  <testcase classname="Day12.paramTest" name="testLogo" time="0.062"/>
</testsuite> <!-- Day12.paramTest -->
