<?xml version="1.0" encoding="UTF-8"?>
<!-- Generated by org.testng.reporters.JUnitReportReporter -->
<testsuite hostname="HR-47" failures="0" tests="4" name="Day12.AllAnnotations" time="0.016" errors="0" timestamp="2024-04-01T11:11:34 IST" skipped="0">
  <testcase classname="Day12.AllAnnotations" name="tm1" time="0.002"/>
  <testcase classname="Day12.AllAnnotations" name="tm1" time="0.009"/>
  <testcase classname="Day12.AllAnnotations" name="tm2" time="0.002"/>
  <testcase classname="Day12.AllAnnotations" name="tm2" time="0.003"/>
</testsuite> <!-- Day12.AllAnnotations -->
