<?xml version="1.0" encoding="UTF-8"?>
<!-- Generated by org.testng.reporters.JUnitReportReporter -->
<testsuite hostname="HR-47" failures="0" tests="3" name="Day12.GroupingDemo" time="0.014" errors="0" timestamp="2024-04-02T11:39:05 IST" skipped="0">
  <testcase classname="Day12.GroupingDemo" name="loginByfacebook" time="0.010"/>
  <testcase classname="Day12.GroupingDemo" name="loginBytwitter" time="0.002"/>
  <testcase classname="Day12.GroupingDemo" name="paymentindollar" time="0.002"/>
</testsuite> <!-- Day12.GroupingDemo -->
