<?xml version="1.0" encoding="UTF-8"?>
<!-- Generated by org.testng.reporters.JUnitReportReporter -->
<testsuite hostname="HR-47" failures="0" tests="2" name="Day13.LoginTest" time="1.640" errors="0" timestamp="2024-04-04T12:14:12 IST" skipped="0">
  <testcase classname="Day13.LoginTest" name="Logo_Check" time="0.157"/>
  <testcase classname="Day13.LoginTest" name="TestLogin" time="1.483"/>
</testsuite> <!-- Day13.LoginTest -->
