<?xml version="1.0" encoding="UTF-8"?>
<!-- Generated by org.testng.reporters.JUnitReportReporter -->
<testsuite hostname="HR-47" failures="0" tests="3" name="Day11.FirstTest" time="0.014" errors="0" timestamp="2024-03-29T11:53:49 IST" skipped="0">
  <testcase classname="Day11.FirstTest" name="test3" time="0.002"/>
  <testcase classname="Day11.FirstTest" name="test2" time="0.002"/>
  <testcase classname="Day11.FirstTest" name="test1" time="0.010"/>
</testsuite> <!-- Day11.FirstTest -->
