<?xml version="1.0" encoding="UTF-8"?>
<!-- Generated by org.testng.reporters.JUnitReportReporter -->
<testsuite hostname="HR-47" failures="0" tests="2" name="Day13.Rohit_login" time="1.616" errors="0" timestamp="2024-04-04T14:19:19 IST" skipped="0">
  <testcase classname="Day13.Rohit_login" name="Logo_Check" time="0.066"/>
  <testcase classname="Day13.Rohit_login" name="TestLogin" time="1.550"/>
</testsuite> <!-- Day13.Rohit_login -->
