<?xml version="1.0" encoding="UTF-8"?>
<!-- Generated by org.testng.reporters.JUnitReportReporter -->
<testsuite hostname="HR-47" failures="0" tests="3" name="Day11.ThirdTest" time="33.279" errors="0" timestamp="2024-03-29T12:09:07 IST" skipped="0">
  <testcase classname="Day11.ThirdTest" name="OpenApp" time="28.468"/>
  <testcase classname="Day11.ThirdTest" name="Login" time="4.661"/>
  <testcase classname="Day11.ThirdTest" name="CloseApp" time="0.150"/>
</testsuite> <!-- Day11.ThirdTest -->
