<?xml version="1.0" encoding="UTF-8"?>
<!-- Generated by org.testng.reporters.JUnitReportReporter -->
<testsuite hostname="HR-47" failures="0" tests="2" name="Day13.loginTest_Apurva" time="1.453" errors="0" timestamp="2024-04-04T14:31:50 IST" skipped="0">
  <testcase classname="Day13.loginTest_Apurva" name="logo_Check" time="0.107"/>
  <testcase classname="Day13.loginTest_Apurva" name="testLogin" time="1.346"/>
</testsuite> <!-- Day13.loginTest_Apurva -->
