<?xml version="1.0" encoding="UTF-8"?>
<!-- Generated by org.testng.reporters.JUnitReportReporter -->
<testsuite hostname="HR-47" failures="0" tests="3" name="Day11.mercurylogin" time="7.829" errors="0" timestamp="2024-04-08T10:55:19 IST" skipped="0">
  <testcase classname="Day11.mercurylogin" name="enter_Data" time="1.474"/>
  <testcase classname="Day11.mercurylogin" name="Capture_home_page" time="0.030"/>
  <testcase classname="Day11.mercurylogin" name="Open_URL" time="6.325"/>
</testsuite> <!-- Day11.mercurylogin -->
