<?xml version="1.0" encoding="UTF-8"?>
<!-- Generated by org.testng.reporters.JUnitReportReporter -->
<testsuite hostname="HR-47" failures="0" tests="9" name="Day12.SecondTest" time="0.017" errors="0" timestamp="2024-04-01T11:03:10 IST" skipped="0">
  <testcase classname="Day12.SecondTest" name="Login" time="0.002"/>
  <testcase classname="Day12.SecondTest" name="Login" time="0.002"/>
  <testcase classname="Day12.SecondTest" name="Login" time="0.002"/>
  <testcase classname="Day12.SecondTest" name="Search" time="0.002"/>
  <testcase classname="Day12.SecondTest" name="Search" time="0.001"/>
  <testcase classname="Day12.SecondTest" name="Search" time="0.002"/>
  <testcase classname="Day12.SecondTest" name="Logout" time="0.001"/>
  <testcase classname="Day12.SecondTest" name="Logout" time="0.003"/>
  <testcase classname="Day12.SecondTest" name="Logout" time="0.002"/>
</testsuite> <!-- Day12.SecondTest -->
