<?xml version="1.0" encoding="UTF-8"?>
<!-- Generated by org.testng.reporters.JUnitReportReporter -->
<testsuite hostname="HR-47" failures="0" tests="3" name="Day11.SecondTest" time="0.007" errors="0" timestamp="2024-03-29T12:09:07 IST" skipped="0">
  <testcase classname="Day11.SecondTest" name="Login" time="0.003"/>
  <testcase classname="Day11.SecondTest" name="Search" time="0.002"/>
  <testcase classname="Day11.SecondTest" name="Logout" time="0.002"/>
</testsuite> <!-- Day11.SecondTest -->
