<?xml version="1.0" encoding="UTF-8"?>
<!-- Generated by org.testng.reporters.JUnitReportReporter -->
<testsuite hostname="HR-47" failures="0" tests="1" name="Day12.Anno" time="0.043" errors="0" timestamp="2024-04-01T10:29:00 IST" skipped="0">
  <testcase classname="Day12.Anno" name="f" time="0.043"/>
</testsuite> <!-- Day12.Anno -->
