<?xml version="1.0" encoding="UTF-8"?>
<!-- Generated by org.testng.reporters.JUnitReportReporter -->
<testsuite hostname="HR-47" failures="0" tests="2" name="Day13.LoginTest_suh" time="1.544" errors="0" timestamp="2024-04-04T14:27:42 IST" skipped="0">
  <testcase classname="Day13.LoginTest_suh" name="Logo_Check" time="0.053"/>
  <testcase classname="Day13.LoginTest_suh" name="TestLogin" time="1.491"/>
</testsuite> <!-- Day13.LoginTest_suh -->
