<?xml version="1.0" encoding="UTF-8"?>
<!-- Generated by org.testng.reporters.JUnitReportReporter -->
<testsuite hostname="HR-47" failures="0" tests="2" name="Day12.Annotations" time="0.004" errors="0" timestamp="2024-04-01T11:10:19 IST" skipped="0">
  <testcase classname="Day12.Annotations" name="Search" time="0.002"/>
  <testcase classname="Day12.Annotations" name="AdvancedSearch" time="0.002"/>
</testsuite> <!-- Day12.Annotations -->
