<?xml version="1.0" encoding="UTF-8"?>
<!-- Generated by org.testng.reporters.JUnitReportReporter -->
<testsuite hostname="HR-47" failures="0" tests="3" name="Day11.mercurylogin" time="7.274" errors="0" timestamp="2024-04-09T07:02:13 IST" skipped="0">
  <testcase classname="Day11.mercurylogin" name="Open_URL" time="5.447"/>
  <testcase classname="Day11.mercurylogin" name="Capture_home_page" time="0.080"/>
  <testcase classname="Day11.mercurylogin" name="enter_Data" time="1.747"/>
</testsuite> <!-- Day11.mercurylogin -->
