<?xml version="1.0" encoding="UTF-8"?>
<!-- Generated by org.testng.reporters.JUnitReportReporter -->
<testsuite hostname="HR-47" failures="0" tests="3" name="Day11.mercurylogin" time="8.107" errors="0" timestamp="2024-04-08T12:14:22 IST" skipped="0">
  <testcase classname="Day11.mercurylogin" name="enter_Data" time="1.880"/>
  <testcase classname="Day11.mercurylogin" name="Open_URL" time="6.201"/>
  <testcase classname="Day11.mercurylogin" name="Capture_home_page" time="0.026"/>
</testsuite> <!-- Day11.mercurylogin -->
